c:\users\1stbuild\desktop\1127test\take2\gitremotecon\sprint2\sprint2\x64\debug\vc143.pdb
c:\users\1stbuild\desktop\1127test\take2\gitremotecon\sprint2\sprint2\x64\debug\vc143.idb
c:\users\1stbuild\desktop\1127test\take2\gitremotecon\sprint2\sprint2\x64\debug\wave.obj
c:\users\1stbuild\desktop\1127test\take2\gitremotecon\sprint2\sprint2\x64\debug\tower.obj
c:\users\1stbuild\desktop\1127test\take2\gitremotecon\sprint2\sprint2\x64\debug\sprint2.obj
c:\users\1stbuild\desktop\1127test\take2\gitremotecon\sprint2\sprint2\x64\debug\point.obj
c:\users\1stbuild\desktop\1127test\take2\gitremotecon\sprint2\sprint2\x64\debug\path.obj
c:\users\1stbuild\desktop\1127test\take2\gitremotecon\sprint2\sprint2\x64\debug\mouse.obj
c:\users\1stbuild\desktop\1127test\take2\gitremotecon\sprint2\sprint2\x64\debug\enemy.obj
c:\users\1stbuild\desktop\1127test\take2\gitremotecon\sprint2\sprint2\x64\debug\bullet.obj
c:\users\1stbuild\desktop\1127test\take2\gitremotecon\sprint2\x64\debug\sprint2.exe
c:\users\1stbuild\desktop\1127test\take2\gitremotecon\sprint2\x64\debug\sprint2.pdb
c:\users\1stbuild\desktop\1127test\take2\gitremotecon\sprint2\sprint2\x64\debug\sprint2.ilk
c:\users\1stbuild\desktop\1127test\take2\gitremotecon\sprint2\sprint2\x64\debug\path.obj.enc
c:\users\1stbuild\desktop\1127test\take2\gitremotecon\sprint2\sprint2\x64\debug\sprint2.tlog\cl.command.1.tlog
c:\users\1stbuild\desktop\1127test\take2\gitremotecon\sprint2\sprint2\x64\debug\sprint2.tlog\cl.items.tlog
c:\users\1stbuild\desktop\1127test\take2\gitremotecon\sprint2\sprint2\x64\debug\sprint2.tlog\cl.read.1.tlog
c:\users\1stbuild\desktop\1127test\take2\gitremotecon\sprint2\sprint2\x64\debug\sprint2.tlog\cl.write.1.tlog
c:\users\1stbuild\desktop\1127test\take2\gitremotecon\sprint2\sprint2\x64\debug\sprint2.tlog\link.command.1.tlog
c:\users\1stbuild\desktop\1127test\take2\gitremotecon\sprint2\sprint2\x64\debug\sprint2.tlog\link.read.1.tlog
c:\users\1stbuild\desktop\1127test\take2\gitremotecon\sprint2\sprint2\x64\debug\sprint2.tlog\link.secondary.1.tlog
c:\users\1stbuild\desktop\1127test\take2\gitremotecon\sprint2\sprint2\x64\debug\sprint2.tlog\link.write.1.tlog
